Start testing: Nov 02 15:06 IST
----------------------------------------------------------
1/1 Testing: TESTS
1/1 Test: TESTS
Command: "/Users/iamyxsh/Personal/test-cpp/bui/test/test_main"
Directory: /Users/iamyxsh/Personal/test-cpp/bui/test
"TESTS" start time: Nov 02 15:06 IST
Output:
----------------------------------------------------------
[==========] Running 0 tests from 0 test suites.
[==========] 0 tests from 0 test suites ran. (0 ms total)
[  PASSED  ] 0 tests.
<end of output>
Test time =   0.01 sec
----------------------------------------------------------
Test Passed.
"TESTS" end time: Nov 02 15:06 IST
"TESTS" time elapsed: 00:00:00
----------------------------------------------------------

End testing: Nov 02 15:06 IST
